INFO [07-23|11:31:21.011] Maximum peer count                       ETH=25 LES=0 total=25
INFO [07-23|11:31:21.024] Starting peer-to-peer node               instance=Geth/v1.8.12-stable/darwin-amd64/go1.10.3
INFO [07-23|11:31:21.024] Allocated cache and file handles         database=/Users/twells012/Projects/my-eth-chain/myDataDir/geth/chaindata cache=768 handles=1024
INFO [07-23|11:31:21.193] Initialised chain configuration          config="{ChainID: 1994 Homestead: 0 DAO: <nil> DAOSupport: false EIP150: <nil> EIP155: 0 EIP158: 0 Byzantium: 0 Constantinople: <nil> Engine: unknown}"
INFO [07-23|11:31:21.193] Disk storage enabled for ethash caches   dir=/Users/twells012/Projects/my-eth-chain/myDataDir/geth/ethash count=3
INFO [07-23|11:31:21.193] Disk storage enabled for ethash DAGs     dir=/Users/twells012/.ethash                                     count=2
INFO [07-23|11:31:21.193] Initialising Ethereum protocol           versions="[63 62]" network=1994
INFO [07-23|11:31:21.194] Loaded most recent local header          number=0 hash=adbe46…e62db2 td=400
INFO [07-23|11:31:21.194] Loaded most recent local full block      number=0 hash=adbe46…e62db2 td=400
INFO [07-23|11:31:21.194] Loaded most recent local fast block      number=0 hash=adbe46…e62db2 td=400
INFO [07-23|11:31:21.194] Regenerated local transaction journal    transactions=0 accounts=0
INFO [07-23|11:31:21.194] Starting P2P networking 
INFO [07-23|11:31:23.309] UDP listener up                          self=enode://155716cfe481cb55443dda076c101d12349c8c2798511c069c695794cf64e581479ee1d7fe26d34372b1d1f202e927174d04aa5d3ac5afb7001f1d30e7d7e75f@[::]:30303
INFO [07-23|11:31:23.309] RLPx listener up                         self=enode://155716cfe481cb55443dda076c101d12349c8c2798511c069c695794cf64e581479ee1d7fe26d34372b1d1f202e927174d04aa5d3ac5afb7001f1d30e7d7e75f@[::]:30303
INFO [07-23|11:31:23.312] IPC endpoint opened                      url=/Users/twells012/Projects/my-eth-chain/myDataDir/geth.ipc
INFO [07-23|11:31:23.312] HTTP endpoint opened                     url=http://127.0.0.1:8545                                     cors=http://localhost:8000 vhosts=localhost
INFO [07-23|11:31:49.546] Etherbase automatically configured       address=0x1d69B14354969E21f85851213893ba78BAFe5d9e
INFO [07-23|11:32:02.887] Updated mining threads                   threads=0
INFO [07-23|11:32:02.887] Transaction pool price threshold updated price=18000000000
INFO [07-23|11:32:02.887] Starting mining operation 
INFO [07-23|11:32:02.887] Commit new mining work                   number=1 txs=0 uncles=0 elapsed=114.177µs
INFO [07-23|11:32:29.943] Successfully sealed new block            number=1 hash=71ee47…3a4cec
INFO [07-23|11:32:29.953] 🔨 mined potential block                  number=1 hash=71ee47…3a4cec
INFO [07-23|11:32:29.959] Commit new mining work                   number=2 txs=0 uncles=0 elapsed=6.574ms
INFO [07-23|11:32:31.400] Successfully sealed new block            number=2 hash=e588cd…745502
INFO [07-23|11:32:31.400] 🔨 mined potential block                  number=2 hash=e588cd…745502
INFO [07-23|11:32:31.401] Commit new mining work                   number=3 txs=0 uncles=0 elapsed=260.602µs
INFO [07-23|11:32:32.065] Successfully sealed new block            number=3 hash=26464a…cb960b
INFO [07-23|11:32:32.065] 🔨 mined potential block                  number=3 hash=26464a…cb960b
INFO [07-23|11:32:32.065] Commit new mining work                   number=4 txs=0 uncles=0 elapsed=218.445µs
INFO [07-23|11:32:33.014] Successfully sealed new block            number=4 hash=5ce8ca…5bfdd5
INFO [07-23|11:32:33.015] 🔨 mined potential block                  number=4 hash=5ce8ca…5bfdd5
INFO [07-23|11:32:33.016] Commit new mining work                   number=5 txs=0 uncles=0 elapsed=962.003µs
INFO [07-23|11:32:33.346] Successfully sealed new block            number=5 hash=55871d…9b67c3
INFO [07-23|11:32:33.347] 🔨 mined potential block                  number=5 hash=55871d…9b67c3
INFO [07-23|11:32:33.347] Commit new mining work                   number=6 txs=0 uncles=0 elapsed=159.414µs
INFO [07-23|11:32:33.569] Successfully sealed new block            number=6 hash=0d2d98…f8303c
INFO [07-23|11:32:33.569] 🔗 block reached canonical chain          number=1 hash=71ee47…3a4cec
INFO [07-23|11:32:33.569] 🔨 mined potential block                  number=6 hash=0d2d98…f8303c
INFO [07-23|11:32:33.569] Mining too far in the future             wait=2s
INFO [07-23|11:32:35.573] Commit new mining work                   number=7 txs=0 uncles=0 elapsed=2.003s
INFO [07-23|11:32:35.582] Successfully sealed new block            number=7 hash=7111e4…6257a1
INFO [07-23|11:32:35.582] 🔗 block reached canonical chain          number=2 hash=e588cd…745502
INFO [07-23|11:32:35.583] 🔨 mined potential block                  number=7 hash=7111e4…6257a1
INFO [07-23|11:32:35.583] Commit new mining work                   number=8 txs=0 uncles=0 elapsed=111.878µs
INFO [07-23|11:32:35.667] Successfully sealed new block            number=8 hash=c9a242…e4ccf1
INFO [07-23|11:32:35.668] Mining too far in the future             wait=2s
INFO [07-23|11:32:35.668] 🔗 block reached canonical chain          number=3 hash=26464a…cb960b
INFO [07-23|11:32:35.668] 🔨 mined potential block                  number=8 hash=c9a242…e4ccf1
INFO [07-23|11:32:37.668] Commit new mining work                   number=9 txs=0 uncles=0 elapsed=2.000s
INFO [07-23|11:32:38.223] Successfully sealed new block            number=9 hash=5d7170…a7e85b
INFO [07-23|11:32:38.225] 🔗 block reached canonical chain          number=4 hash=5ce8ca…5bfdd5
INFO [07-23|11:32:38.225] 🔨 mined potential block                  number=9 hash=5d7170…a7e85b
INFO [07-23|11:32:38.225] Commit new mining work                   number=10 txs=0 uncles=0 elapsed=185.538µs
INFO [07-23|11:32:38.295] Successfully sealed new block            number=10 hash=7228a3…d90ef9
INFO [07-23|11:32:38.296] 🔗 block reached canonical chain          number=5  hash=55871d…9b67c3
INFO [07-23|11:32:38.296] 🔨 mined potential block                  number=10 hash=7228a3…d90ef9
INFO [07-23|11:32:38.296] Commit new mining work                   number=11 txs=0 uncles=0 elapsed=132.035µs
INFO [07-23|11:32:39.174] Successfully sealed new block            number=11 hash=a67a8a…cc3768
INFO [07-23|11:32:39.175] 🔗 block reached canonical chain          number=6  hash=0d2d98…f8303c
INFO [07-23|11:32:39.175] 🔨 mined potential block                  number=11 hash=a67a8a…cc3768
INFO [07-23|11:32:39.175] Commit new mining work                   number=12 txs=0 uncles=0 elapsed=237.287µs
INFO [07-23|11:32:39.256] Successfully sealed new block            number=12 hash=bf2e5f…f9a80f
INFO [07-23|11:32:39.256] 🔗 block reached canonical chain          number=7  hash=7111e4…6257a1
INFO [07-23|11:32:39.257] 🔨 mined potential block                  number=12 hash=bf2e5f…f9a80f
INFO [07-23|11:32:39.257] Mining too far in the future             wait=2s
INFO [07-23|11:32:41.261] Commit new mining work                   number=13 txs=0 uncles=0 elapsed=2.004s
INFO [07-23|11:32:41.435] Successfully sealed new block            number=13 hash=898d01…fb0ce2
INFO [07-23|11:32:41.435] 🔗 block reached canonical chain          number=8  hash=c9a242…e4ccf1
INFO [07-23|11:32:41.435] 🔨 mined potential block                  number=13 hash=898d01…fb0ce2
INFO [07-23|11:32:41.435] Commit new mining work                   number=14 txs=0 uncles=0 elapsed=143.127µs
INFO [07-23|11:32:42.972] Successfully sealed new block            number=14 hash=1312e9…3f1cf0
INFO [07-23|11:32:42.974] 🔗 block reached canonical chain          number=9  hash=5d7170…a7e85b
INFO [07-23|11:32:42.974] 🔨 mined potential block                  number=14 hash=1312e9…3f1cf0
INFO [07-23|11:32:42.974] Commit new mining work                   number=15 txs=0 uncles=0 elapsed=163.469µs
INFO [07-23|11:32:43.701] Successfully sealed new block            number=15 hash=ff5b43…80a697
INFO [07-23|11:32:43.702] 🔗 block reached canonical chain          number=10 hash=7228a3…d90ef9
INFO [07-23|11:32:43.702] 🔨 mined potential block                  number=15 hash=ff5b43…80a697
INFO [07-23|11:32:43.702] Commit new mining work                   number=16 txs=0 uncles=0 elapsed=98.507µs
INFO [07-23|11:32:46.643] Successfully sealed new block            number=16 hash=9b5bea…2dec42
INFO [07-23|11:32:46.644] 🔗 block reached canonical chain          number=11 hash=a67a8a…cc3768
INFO [07-23|11:32:46.644] 🔨 mined potential block                  number=16 hash=9b5bea…2dec42
INFO [07-23|11:32:46.644] Commit new mining work                   number=17 txs=0 uncles=0 elapsed=172.615µs
INFO [07-23|11:33:25.080] Submitted contract creation              fullhash=0x1d10fa560715427cde68c6cddd31db9d87ac6569761a8d8c4c3b0516d230ae43 contract=0x9FcB6B00abf9C25A4efC277AF9E360154A3a7559
INFO [07-23|11:33:32.024] Updated mining threads                   threads=0
INFO [07-23|11:33:32.024] Transaction pool price threshold updated price=18000000000
INFO [07-23|11:33:32.024] Starting mining operation 
INFO [07-23|11:33:32.024] Commit new mining work                   number=17 txs=1 uncles=0 elapsed=384.86µs
INFO [07-23|11:33:32.227] Successfully sealed new block            number=17 hash=d9b175…63e748
INFO [07-23|11:33:32.229] 🔗 block reached canonical chain          number=12 hash=bf2e5f…f9a80f
INFO [07-23|11:33:32.229] 🔨 mined potential block                  number=17 hash=d9b175…63e748
INFO [07-23|11:33:32.229] Commit new mining work                   number=18 txs=0 uncles=0 elapsed=133.268µs
INFO [07-23|11:33:32.440] Successfully sealed new block            number=18 hash=7119e0…5d056c
INFO [07-23|11:33:32.441] 🔗 block reached canonical chain          number=13 hash=898d01…fb0ce2
INFO [07-23|11:33:32.441] 🔨 mined potential block                  number=18 hash=7119e0…5d056c
INFO [07-23|11:33:32.441] Mining too far in the future             wait=2s
INFO [07-23|11:33:32.643] Submitted transaction                    fullhash=0xfb14b9fc252f3423ede0921534077831f6afbb185a41569f974aec6d85fd1d13 recipient=0x9FcB6B00abf9C25A4efC277AF9E360154A3a7559
INFO [07-23|11:33:34.444] Commit new mining work                   number=19 txs=1 uncles=0 elapsed=2.003s
INFO [07-23|11:33:35.309] Successfully sealed new block            number=19 hash=c92982…49d5f4
INFO [07-23|11:33:35.312] 🔗 block reached canonical chain          number=14 hash=1312e9…3f1cf0
INFO [07-23|11:33:35.312] 🔨 mined potential block                  number=19 hash=c92982…49d5f4
INFO [07-23|11:33:35.312] Commit new mining work                   number=20 txs=0 uncles=0 elapsed=390.653µs
INFO [07-23|11:33:35.382] Successfully sealed new block            number=20 hash=c7a807…1e7568
INFO [07-23|11:33:35.383] 🔗 block reached canonical chain          number=15 hash=ff5b43…80a697
INFO [07-23|11:33:35.383] 🔨 mined potential block                  number=20 hash=c7a807…1e7568
INFO [07-23|11:33:35.383] Commit new mining work                   number=21 txs=0 uncles=0 elapsed=149.159µs
INFO [07-23|11:33:35.725] Submitted contract creation              fullhash=0x5b57fc1f7dcc1c6d61139cd11dca7f56a131bb53ee4ebeccd7da754e31117c17 contract=0x75Ae79a166891f7a6129c2066AbFd95316F5705B
INFO [07-23|11:33:36.509] Successfully sealed new block            number=21 hash=9dfed7…c81580
INFO [07-23|11:33:36.509] 🔗 block reached canonical chain          number=16 hash=9b5bea…2dec42
INFO [07-23|11:33:36.509] 🔨 mined potential block                  number=21 hash=9dfed7…c81580
INFO [07-23|11:33:36.511] Commit new mining work                   number=22 txs=1 uncles=0 elapsed=1.974ms
INFO [07-23|11:33:36.795] Successfully sealed new block            number=22 hash=236ddf…efbc33
INFO [07-23|11:33:36.795] 🔗 block reached canonical chain          number=17 hash=d9b175…63e748
INFO [07-23|11:33:36.795] 🔨 mined potential block                  number=22 hash=236ddf…efbc33
INFO [07-23|11:33:36.795] Mining too far in the future             wait=2s
INFO [07-23|11:33:37.259] Submitted transaction                    fullhash=0xbbbffb11bfd4dabffe6d19461e3ed3bacf2e177f461dacaa691079d1cd262f17 recipient=0x9FcB6B00abf9C25A4efC277AF9E360154A3a7559
INFO [07-23|11:33:38.800] Commit new mining work                   number=23 txs=1 uncles=0 elapsed=2.004s
INFO [07-23|11:33:41.554] Updated mining threads                   threads=0
INFO [07-23|11:33:41.554] Transaction pool price threshold updated price=18000000000
INFO [07-23|11:33:41.554] Starting mining operation 
INFO [07-23|11:33:41.555] Commit new mining work                   number=23 txs=1 uncles=0 elapsed=599.222µs
INFO [07-23|11:33:41.654] Successfully sealed new block            number=23 hash=d2b2d4…76b9f2
INFO [07-23|11:33:41.654] 🔗 block reached canonical chain          number=18 hash=7119e0…5d056c
INFO [07-23|11:33:41.654] 🔨 mined potential block                  number=23 hash=d2b2d4…76b9f2
INFO [07-23|11:33:41.654] Commit new mining work                   number=24 txs=0 uncles=0 elapsed=140.29µs
INFO [07-23|11:33:42.014] Successfully sealed new block            number=24 hash=7d291b…a7b0cc
INFO [07-23|11:33:42.014] 🔗 block reached canonical chain          number=19 hash=c92982…49d5f4
INFO [07-23|11:33:42.014] 🔨 mined potential block                  number=24 hash=7d291b…a7b0cc
INFO [07-23|11:33:42.015] Commit new mining work                   number=25 txs=0 uncles=0 elapsed=195.432µs
INFO [07-23|12:31:21.084] Regenerated local transaction journal    transactions=0 accounts=0
INFO [07-23|13:31:20.963] Regenerated local transaction journal    transactions=0 accounts=0
INFO [07-23|14:10:14.980] Block synchronisation started 
INFO [07-23|14:10:15.134] Imported new state entries               count=15 elapsed=467.79µs  processed=15 pending=0 retry=0 duplicate=0 unexpected=0
INFO [07-23|14:10:16.707] Imported new block headers               count=2  elapsed=1.664s    number=26 hash=5b57af…9e9b84 ignored=24
WARN [07-23|14:10:16.721] Discarded bad propagated block           number=25 hash=5e1837…d5cb07
INFO [07-23|14:10:16.758] Imported new chain segment               blocks=2 txs=2 mgas=0.000 elapsed=2.814ms   mgasps=0.000 number=26 hash=5b57af…9e9b84 cache=12.11kB ignored=3
INFO [07-23|14:10:16.758] Fast sync complete, auto disabling 
INFO [07-23|14:10:17.462] Imported new chain segment               blocks=1 txs=0 mgas=0.000 elapsed=7.500ms   mgasps=0.000 number=27 hash=ae93d4…04e89d cache=12.53kB
INFO [07-23|14:10:17.777] Imported new chain segment               blocks=1 txs=0 mgas=0.000 elapsed=5.687ms   mgasps=0.000 number=28 hash=be4ac0…5c8b22 cache=12.95kB
INFO [07-23|14:10:18.331] Imported new chain segment               blocks=1 txs=0 mgas=0.000 elapsed=5.281ms   mgasps=0.000 number=29 hash=41f587…ebfc7d cache=13.37kB
INFO [07-23|14:12:32.495] Updated mining threads                   threads=0
INFO [07-23|14:12:32.495] Transaction pool price threshold updated price=18000000000
INFO [07-23|14:12:32.495] Starting mining operation 
INFO [07-23|14:12:32.495] Commit new mining work                   number=30 txs=0 uncles=0 elapsed=116.743µs
INFO [07-23|14:12:32.495] 🔗 block reached canonical chain          number=20 hash=c7a807…1e7568
INFO [07-23|14:12:32.495] 🔗 block reached canonical chain          number=21 hash=9dfed7…c81580
INFO [07-23|14:12:32.495] 🔗 block reached canonical chain          number=22 hash=236ddf…efbc33
INFO [07-23|14:12:32.495] 🔗 block reached canonical chain          number=23 hash=d2b2d4…76b9f2
INFO [07-23|14:12:32.495] 🔗 block reached canonical chain          number=24 hash=7d291b…a7b0cc
INFO [07-23|14:12:33.209] Successfully sealed new block            number=30 hash=21af83…94d66f
INFO [07-23|14:12:33.211] 🔨 mined potential block                  number=30 hash=21af83…94d66f
INFO [07-23|14:12:33.212] Commit new mining work                   number=31 txs=0 uncles=0 elapsed=218.767µs
INFO [07-23|14:12:34.386] Successfully sealed new block            number=31 hash=ffaaa0…c76440
INFO [07-23|14:12:34.386] 🔨 mined potential block                  number=31 hash=ffaaa0…c76440
INFO [07-23|14:12:34.387] Commit new mining work                   number=32 txs=0 uncles=0 elapsed=206.138µs
INFO [07-23|14:12:35.067] Successfully sealed new block            number=32 hash=4e6551…f2d2ab
INFO [07-23|14:12:35.068] 🔨 mined potential block                  number=32 hash=4e6551…f2d2ab
INFO [07-23|14:12:35.068] Commit new mining work                   number=33 txs=0 uncles=0 elapsed=231.333µs
